<?xml version="1.0" encoding="UTF-8"?>
<!-- Generated by org.testng.reporters.JUnitReportReporter -->
<testsuite hostname="DESKTOP-3BVFOOV" failures="0" tests="2" name="amazonbookorder.testcases.LaunchBrowserTest" time="52.059" errors="0" timestamp="2021-03-22T14:41:58 IST" skipped="0">
  <testcase classname="amazonbookorder.testcases.LaunchBrowserTest" name="launch" time="3.350"/>
  <system-out/>
  <testcase classname="amazonbookorder.testcases.LaunchBrowserTest" name="verifyIfBrowserIsOpened" time="48.709"/>
  <system-out/>
</testsuite> <!-- amazonbookorder.testcases.LaunchBrowserTest -->
